<testsuites id="" name="" tests="10" failures="0" skipped="0" errors="0" time="83.202141">
<testsuite name="chat_report.spec.mjs" timestamp="2026-06-07T02:02:04.198Z" hostname="" tests="2" failures="0" skipped="0" time="41.058" errors="0">
<testcase name="floating assistant opens and answers a cached example" classname="chat_report.spec.mjs" time="32.838">
<system-out>
<![CDATA[
[[ATTACHMENT|..\..\test-results\chat_report-floating-assis-3ce18-nd-answers-a-cached-example\test-failed-1.png]]

[[ATTACHMENT|..\..\test-results\chat_report-floating-assis-3ce18-nd-answers-a-cached-example\error-context.md]]
]]>
</system-out>
</testcase>
<testcase name="bank report page renders for an institution" classname="chat_report.spec.mjs" time="8.22">
</testcase>
</testsuite>
<testsuite name="surfaces.spec.mjs" timestamp="2026-06-07T02:02:04.198Z" hostname="" tests="8" failures="0" skipped="0" time="40.23" errors="0">
<testcase name="home surface renders the brand and entry" classname="surfaces.spec.mjs" time="4.196">
</testcase>
<testcase name="data engineering surface renders the live pipeline" classname="surfaces.spec.mjs" time="3.638">
</testcase>
<testcase name="data engineering Data Quality shows the GX suite result" classname="surfaces.spec.mjs" time="7.429">
</testcase>
<testcase name="AI surface renders the model pipeline flow" classname="surfaces.spec.mjs" time="4.212">
</testcase>
<testcase name="AI Model Quality shows the headline metrics and robustness cross-checks" classname="surfaces.spec.mjs" time="9.962">
</testcase>
<testcase name="AI Decisions surface exposes the methodology write-ups" classname="surfaces.spec.mjs" time="4.596">
</testcase>
<testcase name="floating assistant launcher is present on a content page" classname="surfaces.spec.mjs" time="4.442">
</testcase>
<testcase name="early warning surface renders" classname="surfaces.spec.mjs" time="1.755">
</testcase>
</testsuite>
</testsuites>