<testsuites id="" name="" tests="4" failures="0" skipped="0" errors="0" time="38.297329">
<testsuite name="chat_report.spec.mjs" timestamp="2026-06-07T03:06:25.379Z" hostname="" tests="3" failures="0" skipped="0" time="26.182" errors="0">
<testcase name="floating assistant opens and answers a cached example" classname="chat_report.spec.mjs" time="11.577">
</testcase>
<testcase name="assistant handles an operating bank by name (Comerica), not a failure dump" classname="chat_report.spec.mjs" time="12.26">
</testcase>
<testcase name="bank report page renders for an institution" classname="chat_report.spec.mjs" time="2.345">
</testcase>
</testsuite>
<testsuite name="report_open.spec.mjs" timestamp="2026-06-07T03:06:25.379Z" hostname="" tests="1" failures="0" skipped="0" time="11.176" errors="0">
<testcase name="chat -&gt; open full report navigates to the report for that bank" classname="report_open.spec.mjs" time="11.176">
</testcase>
</testsuite>
</testsuites>