........................................................................ [ 87%]
..........                                                               [100%]
============================== warnings summary ===============================
tests/streamlit/test_ml_pages_smoke.py::test_page_runs_without_exception[streamlit_app/pages/3_Early_Warning.py]
tests/streamlit/test_ml_pages_smoke.py::test_page_runs_without_exception[streamlit_app/pages/3_Early_Warning.py]
tests/streamlit/test_ml_pages_smoke.py::test_page_runs_without_exception[streamlit_app/pages/3_Early_Warning.py]
tests/streamlit/test_ml_pages_smoke.py::test_page_runs_without_exception[streamlit_app/pages/3_Early_Warning.py]
ml/tests/test_explain.py::test_global_importance_ranks_all_features
ml/tests/test_explain.py::test_local_reasons_directionally_correct
ml/tests/test_serve.py::test_predict_distressed_higher_than_healthy
ml/tests/test_serve.py::test_predict_distressed_higher_than_healthy
ml/tests/test_serve.py::test_batch_equals_single
  C:\Creations\Legacy\FinLens\.venv\Lib\site-packages\shap\explainers\_tree.py:632: UserWarning: LightGBM binary classifier with TreeExplainer shap values output has changed to a list of ndarray
    warnings.warn(

-- Docs: https://docs.pytest.org/en/stable/how-to/capture-warnings.html
=============================== tests coverage ================================
______________ coverage: platform win32, python 3.13.13-final-0 _______________

Name                                    Stmts   Miss  Cover   Missing
---------------------------------------------------------------------
ml\finlens_ml\__init__.py                   2      0   100%
ml\finlens_ml\audit.py                     34      5    85%   61-62, 69, 75-76
ml\finlens_ml\config.py                    49      5    90%   27, 39-40, 47-48
ml\finlens_ml\data.py                      74     74     0%   12-116
ml\finlens_ml\ensemble.py                  27     13    52%   20-23, 31, 35, 39, 44-50
ml\finlens_ml\evaluate.py                 107     59    45%   38, 79-101, 115-133, 145-169
ml\finlens_ml\explain.py                   50      3    94%   42, 62, 79
ml\finlens_ml\failure_cause_labels.py      20     20     0%   27-172
ml\finlens_ml\features.py                  68      4    94%   61, 97-98, 111
ml\finlens_ml\ffiec_pit.py                146    146     0%   16-238
ml\finlens_ml\labels.py                    61     25    59%   38, 43-79, 91
ml\finlens_ml\model_card.py               107     10    91%   106-107, 127-128, 261, 362-365, 369
ml\finlens_ml\monitor.py                   66     10    85%   54-55, 66, 112-117, 121
ml\finlens_ml\predict.py                   61     14    77%   63, 82-83, 94-114, 124
ml\finlens_ml\registry.py                  37     27    27%   16-20, 30-31, 35-42, 46-51, 56-62
ml\finlens_ml\scenario.py                 101      8    92%   63, 65, 129, 164, 186, 220, 232, 236
ml\finlens_ml\serve.py                    119     12    90%   46, 101-104, 119, 152, 160-162, 168, 173
ml\finlens_ml\splits.py                    45      4    91%   51, 62, 80, 95
ml\finlens_ml\train.py                    229    203    11%   31, 55-83, 87-91, 107-112, 134-225, 242-282, 286-299, 304-443, 447-486, 490-500, 504-538, 544
src\finlens\__init__.py                     2      0   100%
src\finlens\aws.py                         24      3    88%   34, 37-38
src\finlens\bootstrap.py                   86     14    84%   40, 106, 155, 159-167, 182-204
src\finlens\config.py                      91      4    96%   89-90, 101, 105
src\finlens\datasets.py                    17      8    53%   14-423, 427-430
src\finlens\evidence.py                   121    121     0%   1-231
src\finlens\http.py                        29     11    62%   15, 26-29, 35-36, 40-41, 45-46
src\finlens\ingestion\__init__.py           2      0   100%
src\finlens\ingestion\base.py              27      0   100%
src\finlens\logging.py                     10      0   100%
src\finlens\paths.py                        8      0   100%
src\finlens\pipeline_runs.py               49     49     0%   1-105
src\finlens\pipeline_status.py             27      0   100%
src\finlens\platform_probes.py            118     95    19%   11-47, 51-67, 71-114, 118-181, 191-193, 199-201, 207-209, 213, 223-225, 229
src\finlens\state.py                       11      0   100%
src\finlens\storage.py                     26      9    65%   12-13, 24, 29-31, 35-37
src\finlens\telemetry.py                   26      1    96%   25
src\finlens\warehouse.py                  208    139    33%   27, 34, 40, 44-50, 54-56, 60-66, 70-97, 101-112, 116-155, 175-177, 181-183, 187-189, 192, 196-198, 202-204, 209-239, 247, 251-253, 258, 262-263, 279, 283-362, 370
---------------------------------------------------------------------
TOTAL                                    2285   1096    52%
82 passed, 9 warnings in 74.75s (0:01:14)
